<?xml version="1.0" encoding="UTF-8"?>
<testsuite xmlns:xsi="http://www.w3.org/2001/XMLSchema-instance" xsi:schemaLocation="https://maven.apache.org/surefire/maven-surefire-plugin/xsd/surefire-test-report.xsd" name="com.karlmarxindustries.vending.service.ServiceLayerImplTestWithEmptyDao" time="2.988" tests="15" errors="10" skipped="0" failures="0">
  <properties>
    <property name="java.runtime.name" value="Java(TM) SE Runtime Environment"/>
    <property name="java.vm.version" value="12.0.2+10"/>
    <property name="sun.boot.library.path" value="/Library/Java/JavaVirtualMachines/jdk-12.0.2.jdk/Contents/Home/lib"/>
    <property name="maven.multiModuleProjectDirectory" value="/Users/karlmarx/Desktop/repos/java-lou-0819-karlmarxxxx/Classwork/Milestone4Summative/com.sg_Vending_jar_1.0-SNAPSHOT"/>
    <property name="java.vm.vendor" value="Oracle Corporation"/>
    <property name="java.vendor.url" value="https://java.oracle.com/"/>
    <property name="guice.disable.misplaced.annotation.check" value="true"/>
    <property name="path.separator" value=":"/>
    <property name="java.vm.name" value="Java HotSpot(TM) 64-Bit Server VM"/>
    <property name="user.country" value="US"/>
    <property name="sun.java.launcher" value="SUN_STANDARD"/>
    <property name="test" value="com.karlmarxindustries.vending.service.ServiceLayerImplTestWithEmptyDao"/>
    <property name="java.vm.specification.name" value="Java Virtual Machine Specification"/>
    <property name="user.dir" value="/Users/karlmarx/Desktop/repos/java-lou-0819-karlmarxxxx/Classwork/Milestone4Summative/com.sg_Vending_jar_1.0-SNAPSHOT"/>
    <property name="java.vm.compressedOopsMode" value="Zero based"/>
    <property name="java.runtime.version" value="12.0.2+10"/>
    <property name="java.awt.graphicsenv" value="sun.awt.CGraphicsEnvironment"/>
    <property name="os.arch" value="x86_64"/>
    <property name="java.io.tmpdir" value="/var/folders/_z/1r7jcz_j5c13ktkqj8qct5zw0000gn/T/"/>
    <property name="line.separator" value="&#10;"/>
    <property name="java.vm.specification.vendor" value="Oracle Corporation"/>
    <property name="os.name" value="Mac OS X"/>
    <property name="maven.ext.class.path" value="/Applications/NetBeans/Apache NetBeans 11.1.app/Contents/Resources/NetBeans/java/maven-nblib/netbeans-eventspy.jar"/>
    <property name="classworlds.conf" value="/Applications/NetBeans/Apache NetBeans 11.1.app/Contents/Resources/NetBeans/java/maven/bin/m2.conf"/>
    <property name="sun.jnu.encoding" value="UTF-8"/>
    <property name="java.library.path" value="/Users/karlmarx/Library/Java/Extensions:/Library/Java/Extensions:/Network/Library/Java/Extensions:/System/Library/Java/Extensions:/usr/lib/java:."/>
    <property name="jdk.debug" value="release"/>
    <property name="java.class.version" value="56.0"/>
    <property name="java.specification.name" value="Java Platform API Specification"/>
    <property name="sun.management.compiler" value="HotSpot 64-Bit Tiered Compilers"/>
    <property name="os.version" value="10.14.4"/>
    <property name="http.nonProxyHosts" value="local|*.local|169.254/16|*.169.254/16"/>
    <property name="user.home" value="/Users/karlmarx"/>
    <property name="user.timezone" value="America/New_York"/>
    <property name="file.encoding" value="UTF-8"/>
    <property name="java.specification.version" value="12"/>
    <property name="user.name" value="karlmarx"/>
    <property name="java.class.path" value="/Applications/NetBeans/Apache NetBeans 11.1.app/Contents/Resources/NetBeans/java/maven/boot/plexus-classworlds-2.5.2.jar"/>
    <property name="java.vm.specification.version" value="12"/>
    <property name="sun.arch.data.model" value="64"/>
    <property name="sun.java.command" value="org.codehaus.plexus.classworlds.launcher.Launcher -Dtest=com.karlmarxindustries.vending.service.ServiceLayerImplTestWithEmptyDao -Dmaven.ext.class.path=/Applications/NetBeans/Apache NetBeans 11.1.app/Contents/Resources/NetBeans/java/maven-nblib/netbeans-eventspy.jar surefire:test"/>
    <property name="java.home" value="/Library/Java/JavaVirtualMachines/jdk-12.0.2.jdk/Contents/Home"/>
    <property name="user.language" value="en"/>
    <property name="java.specification.vendor" value="Oracle Corporation"/>
    <property name="awt.toolkit" value="sun.lwawt.macosx.LWCToolkit"/>
    <property name="java.vm.info" value="mixed mode, sharing"/>
    <property name="java.version" value="12.0.2"/>
    <property name="java.vendor" value="Oracle Corporation"/>
    <property name="maven.home" value="/Applications/NetBeans/Apache NetBeans 11.1.app/Contents/Resources/NetBeans/java/maven"/>
    <property name="file.separator" value="/"/>
    <property name="java.version.date" value="2019-07-16"/>
    <property name="java.vendor.url.bug" value="https://bugreport.java.com/bugreport/"/>
    <property name="sun.io.unicode.encoding" value="UnicodeBig"/>
    <property name="sun.cpu.endian" value="little"/>
    <property name="socksNonProxyHosts" value="local|*.local|169.254/16|*.169.254/16"/>
    <property name="ftp.nonProxyHosts" value="local|*.local|169.254/16|*.169.254/16"/>
  </properties>
  <testcase name="testPurchaseItemQuantityZeroAndNotEnoughMoney" classname="com.karlmarxindustries.vending.service.ServiceLayerImplTestWithEmptyDao" time="0.024"/>
  <testcase name="testPurchaseItemCorrectChangeGivenTwelveQuarters" classname="com.karlmarxindustries.vending.service.ServiceLayerImplTestWithEmptyDao" time="0.021">
    <error type="java.lang.NullPointerException">java.lang.NullPointerException
	at com.karlmarxindustries.vending.service.ServiceLayerImplTestWithEmptyDao.testPurchaseItemCorrectChangeGivenTwelveQuarters(ServiceLayerImplTestWithEmptyDao.java:114)
</error>
    <system-err><![CDATA[Sep 09, 2019 7:07:28 AM org.springframework.context.support.ClassPathXmlApplicationContext prepareRefresh
INFO: Refreshing org.springframework.context.support.ClassPathXmlApplicationContext@5b218417: startup date [Mon Sep 09 07:07:28 EDT 2019]; root of context hierarchy
Sep 09, 2019 7:07:28 AM org.springframework.beans.factory.xml.XmlBeanDefinitionReader loadBeanDefinitions
INFO: Loading XML bean definitions from class path resource [testApplicationContext.xml]
]]></system-err>
  </testcase>
  <testcase name="testPurchaseItemCorrectChangeGivenOneOfEach" classname="com.karlmarxindustries.vending.service.ServiceLayerImplTestWithEmptyDao" time="0.002">
    <error type="java.lang.NullPointerException">java.lang.NullPointerException
	at com.karlmarxindustries.vending.service.ServiceLayerImplTestWithEmptyDao.testPurchaseItemCorrectChangeGivenOneOfEach(ServiceLayerImplTestWithEmptyDao.java:136)
</error>
    <system-err><![CDATA[Sep 09, 2019 7:07:28 AM org.springframework.context.support.ClassPathXmlApplicationContext prepareRefresh
INFO: Refreshing org.springframework.context.support.ClassPathXmlApplicationContext@5965d37: startup date [Mon Sep 09 07:07:28 EDT 2019]; root of context hierarchy
Sep 09, 2019 7:07:28 AM org.springframework.beans.factory.xml.XmlBeanDefinitionReader loadBeanDefinitions
INFO: Loading XML bean definitions from class path resource [testApplicationContext.xml]
]]></system-err>
  </testcase>
  <testcase name="testPurchaseItemNotEnoughMoney" classname="com.karlmarxindustries.vending.service.ServiceLayerImplTestWithEmptyDao" time="0.005">
    <error type="java.lang.NullPointerException">java.lang.NullPointerException
	at com.karlmarxindustries.vending.service.ServiceLayerImplTestWithEmptyDao.testPurchaseItemNotEnoughMoney(ServiceLayerImplTestWithEmptyDao.java:80)
</error>
    <system-err><![CDATA[Sep 09, 2019 7:07:28 AM org.springframework.context.support.ClassPathXmlApplicationContext prepareRefresh
INFO: Refreshing org.springframework.context.support.ClassPathXmlApplicationContext@624ea235: startup date [Mon Sep 09 07:07:28 EDT 2019]; root of context hierarchy
Sep 09, 2019 7:07:28 AM org.springframework.beans.factory.xml.XmlBeanDefinitionReader loadBeanDefinitions
INFO: Loading XML bean definitions from class path resource [testApplicationContext.xml]
]]></system-err>
  </testcase>
  <testcase name="testUpdateMoneyInside" classname="com.karlmarxindustries.vending.service.ServiceLayerImplTestWithEmptyDao" time="0.005"/>
  <testcase name="testGetOneItem" classname="com.karlmarxindustries.vending.service.ServiceLayerImplTestWithEmptyDao" time="0.001"/>
  <testcase name="testPurchaseItemCorrectChangeJustAPenny" classname="com.karlmarxindustries.vending.service.ServiceLayerImplTestWithEmptyDao" time="0.008">
    <error type="java.lang.NullPointerException">java.lang.NullPointerException
	at com.karlmarxindustries.vending.service.ServiceLayerImplTestWithEmptyDao.testPurchaseItemCorrectChangeJustAPenny(ServiceLayerImplTestWithEmptyDao.java:172)
</error>
    <system-err><![CDATA[Sep 09, 2019 7:07:28 AM org.springframework.context.support.ClassPathXmlApplicationContext prepareRefresh
INFO: Refreshing org.springframework.context.support.ClassPathXmlApplicationContext@6b0d80ed: startup date [Mon Sep 09 07:07:28 EDT 2019]; root of context hierarchy
Sep 09, 2019 7:07:28 AM org.springframework.beans.factory.xml.XmlBeanDefinitionReader loadBeanDefinitions
INFO: Loading XML bean definitions from class path resource [testApplicationContext.xml]
]]></system-err>
  </testcase>
  <testcase name="testPurchaseItemQuantity" classname="com.karlmarxindustries.vending.service.ServiceLayerImplTestWithEmptyDao" time="0.003">
    <error type="java.lang.NullPointerException">java.lang.NullPointerException
	at com.karlmarxindustries.vending.service.ServiceLayerImplTestWithEmptyDao.testPurchaseItemQuantity(ServiceLayerImplTestWithEmptyDao.java:70)
</error>
    <system-err><![CDATA[Sep 09, 2019 7:07:28 AM org.springframework.context.support.ClassPathXmlApplicationContext prepareRefresh
INFO: Refreshing org.springframework.context.support.ClassPathXmlApplicationContext@2cb2fc20: startup date [Mon Sep 09 07:07:28 EDT 2019]; root of context hierarchy
Sep 09, 2019 7:07:28 AM org.springframework.beans.factory.xml.XmlBeanDefinitionReader loadBeanDefinitions
INFO: Loading XML bean definitions from class path resource [testApplicationContext.xml]
]]></system-err>
  </testcase>
  <testcase name="testGetAllSnacksInStock" classname="com.karlmarxindustries.vending.service.ServiceLayerImplTestWithEmptyDao" time="0.002">
    <error type="java.lang.NullPointerException">java.lang.NullPointerException
	at com.karlmarxindustries.vending.service.ServiceLayerImplTestWithEmptyDao.testGetAllSnacksInStock(ServiceLayerImplTestWithEmptyDao.java:44)
</error>
    <system-err><![CDATA[Sep 09, 2019 7:07:28 AM org.springframework.context.support.ClassPathXmlApplicationContext prepareRefresh
INFO: Refreshing org.springframework.context.support.ClassPathXmlApplicationContext@26df6e3a: startup date [Mon Sep 09 07:07:28 EDT 2019]; root of context hierarchy
Sep 09, 2019 7:07:29 AM org.springframework.beans.factory.xml.XmlBeanDefinitionReader loadBeanDefinitions
INFO: Loading XML bean definitions from class path resource [testApplicationContext.xml]
]]></system-err>
  </testcase>
  <testcase name="testPurchaseItemCorrectChange10000Quarters" classname="com.karlmarxindustries.vending.service.ServiceLayerImplTestWithEmptyDao" time="0.01">
    <error type="java.lang.NullPointerException">java.lang.NullPointerException
	at com.karlmarxindustries.vending.service.ServiceLayerImplTestWithEmptyDao.testPurchaseItemCorrectChange10000Quarters(ServiceLayerImplTestWithEmptyDao.java:161)
</error>
    <system-err><![CDATA[Sep 09, 2019 7:07:29 AM org.springframework.context.support.ClassPathXmlApplicationContext prepareRefresh
INFO: Refreshing org.springframework.context.support.ClassPathXmlApplicationContext@7ef27d7f: startup date [Mon Sep 09 07:07:29 EDT 2019]; root of context hierarchy
Sep 09, 2019 7:07:29 AM org.springframework.beans.factory.xml.XmlBeanDefinitionReader loadBeanDefinitions
INFO: Loading XML bean definitions from class path resource [testApplicationContext.xml]
]]></system-err>
  </testcase>
  <testcase name="testAddToMoney" classname="com.karlmarxindustries.vending.service.ServiceLayerImplTestWithEmptyDao" time="0.011"/>
  <testcase name="testPurchaseItemQuantityZero" classname="com.karlmarxindustries.vending.service.ServiceLayerImplTestWithEmptyDao" time="0.002">
    <error type="java.lang.NullPointerException">java.lang.NullPointerException
	at com.karlmarxindustries.vending.service.ServiceLayerImplTestWithEmptyDao.testPurchaseItemQuantityZero(ServiceLayerImplTestWithEmptyDao.java:93)
</error>
    <system-err><![CDATA[Sep 09, 2019 7:07:29 AM org.springframework.context.support.ClassPathXmlApplicationContext prepareRefresh
INFO: Refreshing org.springframework.context.support.ClassPathXmlApplicationContext@20c0a64d: startup date [Mon Sep 09 07:07:29 EDT 2019]; root of context hierarchy
Sep 09, 2019 7:07:29 AM org.springframework.beans.factory.xml.XmlBeanDefinitionReader loadBeanDefinitions
INFO: Loading XML bean definitions from class path resource [testApplicationContext.xml]
]]></system-err>
  </testcase>
  <testcase name="testPurchaseItemCorrectChangeGivenInsuffFunds" classname="com.karlmarxindustries.vending.service.ServiceLayerImplTestWithEmptyDao" time="0.008">
    <error type="java.lang.NullPointerException">java.lang.NullPointerException
	at com.karlmarxindustries.vending.service.ServiceLayerImplTestWithEmptyDao.testPurchaseItemCorrectChangeGivenInsuffFunds(ServiceLayerImplTestWithEmptyDao.java:150)
</error>
    <system-err><![CDATA[Sep 09, 2019 7:07:29 AM org.springframework.context.support.ClassPathXmlApplicationContext prepareRefresh
INFO: Refreshing org.springframework.context.support.ClassPathXmlApplicationContext@7d446ed1: startup date [Mon Sep 09 07:07:29 EDT 2019]; root of context hierarchy
Sep 09, 2019 7:07:29 AM org.springframework.beans.factory.xml.XmlBeanDefinitionReader loadBeanDefinitions
INFO: Loading XML bean definitions from class path resource [testApplicationContext.xml]
]]></system-err>
  </testcase>
  <testcase name="testPurchaseItemCorrectChangeGivenֵNoChange" classname="com.karlmarxindustries.vending.service.ServiceLayerImplTestWithEmptyDao" time="0.003">
    <error type="java.lang.NullPointerException">java.lang.NullPointerException
	at com.karlmarxindustries.vending.service.ServiceLayerImplTestWithEmptyDao.testPurchaseItemCorrectChangeGivenֵNoChange(ServiceLayerImplTestWithEmptyDao.java:125)
</error>
    <system-err><![CDATA[Sep 09, 2019 7:07:29 AM org.springframework.context.support.ClassPathXmlApplicationContext prepareRefresh
INFO: Refreshing org.springframework.context.support.ClassPathXmlApplicationContext@78641d23: startup date [Mon Sep 09 07:07:29 EDT 2019]; root of context hierarchy
Sep 09, 2019 7:07:29 AM org.springframework.beans.factory.xml.XmlBeanDefinitionReader loadBeanDefinitions
INFO: Loading XML bean definitions from class path resource [testApplicationContext.xml]
]]></system-err>
  </testcase>
  <testcase name="testDeductPriceFromBalance" classname="com.karlmarxindustries.vending.service.ServiceLayerImplTestWithEmptyDao" time="0.001"/>
</testsuite>