<?xml version="1.0" encoding="UTF-8"?>
<testsuite xmlns:xsi="http://www.w3.org/2001/XMLSchema-instance" xsi:noNamespaceSchemaLocation="https://maven.apache.org/surefire/maven-surefire-plugin/xsd/surefire-test-report.xsd" name="com.karlmarxindustries.vending.dao.VendingDaoFileImplTest" time="0.287" tests="9" errors="0" skipped="0" failures="0">
  <properties>
    <property name="awt.toolkit" value="sun.lwawt.macosx.LWCToolkit"/>
    <property name="java.specification.version" value="12"/>
    <property name="sun.jnu.encoding" value="UTF-8"/>
    <property name="java.class.path" value="/Users/karlmarx/Desktop/repos/java-lou-0819-karlmarxxxx/Classwork/Milestone3Summative/Vending/target/test-classes:/Users/karlmarx/Desktop/repos/java-lou-0819-karlmarxxxx/Classwork/Milestone3Summative/Vending/target/classes:/Users/karlmarx/.m2/repository/org/junit/jupiter/junit-jupiter-api/5.3.1/junit-jupiter-api-5.3.1.jar:/Users/karlmarx/.m2/repository/org/apiguardian/apiguardian-api/1.0.0/apiguardian-api-1.0.0.jar:/Users/karlmarx/.m2/repository/org/opentest4j/opentest4j/1.1.1/opentest4j-1.1.1.jar:/Users/karlmarx/.m2/repository/org/junit/platform/junit-platform-commons/1.3.1/junit-platform-commons-1.3.1.jar:/Users/karlmarx/.m2/repository/org/junit/jupiter/junit-jupiter-params/5.3.1/junit-jupiter-params-5.3.1.jar:/Users/karlmarx/.m2/repository/org/junit/jupiter/junit-jupiter-engine/5.3.1/junit-jupiter-engine-5.3.1.jar:/Users/karlmarx/.m2/repository/org/junit/platform/junit-platform-engine/1.3.1/junit-platform-engine-1.3.1.jar:"/>
    <property name="java.vm.vendor" value="Oracle Corporation"/>
    <property name="sun.arch.data.model" value="64"/>
    <property name="java.vendor.url" value="https://java.oracle.com/"/>
    <property name="os.name" value="Mac OS X"/>
    <property name="java.vm.specification.version" value="12"/>
    <property name="user.country" value="US"/>
    <property name="sun.java.launcher" value="SUN_STANDARD"/>
    <property name="sun.boot.library.path" value="/Library/Java/JavaVirtualMachines/jdk-12.0.2.jdk/Contents/Home/lib"/>
    <property name="sun.java.command" value="/Users/karlmarx/Desktop/repos/java-lou-0819-karlmarxxxx/Classwork/Milestone3Summative/Vending/target/surefire/surefirebooter1815362083876799774.jar /Users/karlmarx/Desktop/repos/java-lou-0819-karlmarxxxx/Classwork/Milestone3Summative/Vending/target/surefire 2019-09-02T16-35-32_956-jvmRun1 surefire6240198730452863404tmp surefire_07976289036716073781tmp"/>
    <property name="http.nonProxyHosts" value="local|*.local|169.254/16|*.169.254/16"/>
    <property name="jdk.debug" value="release"/>
    <property name="surefire.test.class.path" value="/Users/karlmarx/Desktop/repos/java-lou-0819-karlmarxxxx/Classwork/Milestone3Summative/Vending/target/test-classes:/Users/karlmarx/Desktop/repos/java-lou-0819-karlmarxxxx/Classwork/Milestone3Summative/Vending/target/classes:/Users/karlmarx/.m2/repository/org/junit/jupiter/junit-jupiter-api/5.3.1/junit-jupiter-api-5.3.1.jar:/Users/karlmarx/.m2/repository/org/apiguardian/apiguardian-api/1.0.0/apiguardian-api-1.0.0.jar:/Users/karlmarx/.m2/repository/org/opentest4j/opentest4j/1.1.1/opentest4j-1.1.1.jar:/Users/karlmarx/.m2/repository/org/junit/platform/junit-platform-commons/1.3.1/junit-platform-commons-1.3.1.jar:/Users/karlmarx/.m2/repository/org/junit/jupiter/junit-jupiter-params/5.3.1/junit-jupiter-params-5.3.1.jar:/Users/karlmarx/.m2/repository/org/junit/jupiter/junit-jupiter-engine/5.3.1/junit-jupiter-engine-5.3.1.jar:/Users/karlmarx/.m2/repository/org/junit/platform/junit-platform-engine/1.3.1/junit-platform-engine-1.3.1.jar:"/>
    <property name="sun.cpu.endian" value="little"/>
    <property name="user.home" value="/Users/karlmarx"/>
    <property name="user.language" value="en"/>
    <property name="java.specification.vendor" value="Oracle Corporation"/>
    <property name="java.version.date" value="2019-07-16"/>
    <property name="java.home" value="/Library/Java/JavaVirtualMachines/jdk-12.0.2.jdk/Contents/Home"/>
    <property name="file.separator" value="/"/>
    <property name="basedir" value="/Users/karlmarx/Desktop/repos/java-lou-0819-karlmarxxxx/Classwork/Milestone3Summative/Vending"/>
    <property name="java.vm.compressedOopsMode" value="Zero based"/>
    <property name="line.separator" value="&#10;"/>
    <property name="java.vm.specification.vendor" value="Oracle Corporation"/>
    <property name="java.specification.name" value="Java Platform API Specification"/>
    <property name="java.awt.graphicsenv" value="sun.awt.CGraphicsEnvironment"/>
    <property name="surefire.real.class.path" value="/Users/karlmarx/Desktop/repos/java-lou-0819-karlmarxxxx/Classwork/Milestone3Summative/Vending/target/surefire/surefirebooter1815362083876799774.jar"/>
    <property name="sun.management.compiler" value="HotSpot 64-Bit Tiered Compilers"/>
    <property name="ftp.nonProxyHosts" value="local|*.local|169.254/16|*.169.254/16"/>
    <property name="java.runtime.version" value="12.0.2+10"/>
    <property name="user.name" value="karlmarx"/>
    <property name="path.separator" value=":"/>
    <property name="os.version" value="10.14.4"/>
    <property name="java.runtime.name" value="Java(TM) SE Runtime Environment"/>
    <property name="file.encoding" value="UTF-8"/>
    <property name="java.vm.name" value="Java HotSpot(TM) 64-Bit Server VM"/>
    <property name="maven.ext.class.path" value="/Applications/NetBeans/Apache NetBeans 11.1.app/Contents/Resources/NetBeans/java/maven-nblib/netbeans-eventspy.jar"/>
    <property name="localRepository" value="/Users/karlmarx/.m2/repository"/>
    <property name="java.vendor.url.bug" value="https://bugreport.java.com/bugreport/"/>
    <property name="java.io.tmpdir" value="/var/folders/_z/1r7jcz_j5c13ktkqj8qct5zw0000gn/T/"/>
    <property name="java.version" value="12.0.2"/>
    <property name="user.dir" value="/Users/karlmarx/Desktop/repos/java-lou-0819-karlmarxxxx/Classwork/Milestone3Summative/Vending"/>
    <property name="os.arch" value="x86_64"/>
    <property name="java.vm.specification.name" value="Java Virtual Machine Specification"/>
    <property name="java.library.path" value="/Users/karlmarx/Library/Java/Extensions:/Library/Java/Extensions:/Network/Library/Java/Extensions:/System/Library/Java/Extensions:/usr/lib/java:."/>
    <property name="java.vm.info" value="mixed mode, sharing"/>
    <property name="java.vendor" value="Oracle Corporation"/>
    <property name="java.vm.version" value="12.0.2+10"/>
    <property name="sun.io.unicode.encoding" value="UnicodeBig"/>
    <property name="socksNonProxyHosts" value="local|*.local|169.254/16|*.169.254/16"/>
    <property name="java.class.version" value="56.0"/>
  </properties>
  <testcase name="testMarshallSnack" classname="com.karlmarxindustries.vending.dao.VendingDaoFileImplTest" time="0.072"/>
  <testcase name="testGetAllSnacksAfterRemovingGottenSnack" classname="com.karlmarxindustries.vending.dao.VendingDaoFileImplTest" time="0.01"/>
  <testcase name="testGetSnack" classname="com.karlmarxindustries.vending.dao.VendingDaoFileImplTest" time="0.008"/>
  <testcase name="testGetAllSnacksWithoutInventory" classname="com.karlmarxindustries.vending.dao.VendingDaoFileImplTest" time="0.002"/>
  <testcase name="testGetAllSnacksWithInventory" classname="com.karlmarxindustries.vending.dao.VendingDaoFileImplTest" time="0.007"/>
  <testcase name="testUnmarshallSnack" classname="com.karlmarxindustries.vending.dao.VendingDaoFileImplTest" time="0.001"/>
  <testcase name="testMarshallAndUnmarshall" classname="com.karlmarxindustries.vending.dao.VendingDaoFileImplTest" time="0.003"/>
  <testcase name="testGetSnackInvalidSlot" classname="com.karlmarxindustries.vending.dao.VendingDaoFileImplTest" time="0.002"/>
  <testcase name="testFilePersistenceGetAll" classname="com.karlmarxindustries.vending.dao.VendingDaoFileImplTest" time="0.046"/>
</testsuite>